<?xml version="1.0" encoding="UTF-8"?>
<!-- Generated by org.testng.reporters.JUnitReportReporter -->
<testsuite hostname="Lenok" name="Alena.Testt" tests="2" failures="0" timestamp="25 Jan 2015 22:23:45 GMT" time="3.996" errors="0">
  <testcase name="testUntitled2" time="1.032" classname="Alena.Testt"/>
  <testcase name="testUntitled" time="2.964" classname="Alena.Testt"/>
</testsuite> <!-- Alena.Testt -->
